  ShaderUtil.cpp
  ObjLoader.cpp
  Main.cpp
f:\openglproject\openglproject\source\main.cpp(53): warning C4101: 'EBO': unreferenced local variable
  Generating Code...
LINK : warning LNK4098: defaultlib 'MSVCRT' conflicts with use of other libs; use /NODEFAULTLIB:library
LINK : warning LNK4098: defaultlib 'LIBCMT' conflicts with use of other libs; use /NODEFAULTLIB:library
ShaderUtil.obj : warning LNK4049: locally defined symbol ___glewAttachShader imported
ShaderUtil.obj : warning LNK4049: locally defined symbol ___glewCompileShader imported
ShaderUtil.obj : warning LNK4049: locally defined symbol ___glewCreateProgram imported
ShaderUtil.obj : warning LNK4049: locally defined symbol ___glewCreateShader imported
ShaderUtil.obj : warning LNK4049: locally defined symbol ___glewDeleteProgram imported
ShaderUtil.obj : warning LNK4049: locally defined symbol ___glewDeleteShader imported
ShaderUtil.obj : warning LNK4049: locally defined symbol ___glewGetShaderInfoLog imported
ShaderUtil.obj : warning LNK4049: locally defined symbol ___glewGetShaderiv imported
ShaderUtil.obj : warning LNK4049: locally defined symbol ___glewLinkProgram imported
ShaderUtil.obj : warning LNK4049: locally defined symbol ___glewShaderSource imported
ShaderUtil.obj : warning LNK4049: locally defined symbol ___glewUseProgram imported
ShaderUtil.obj : warning LNK4049: locally defined symbol ___glewValidateProgram imported
glew32s.lib(glew.obj) : warning LNK4099: PDB 'vc120.pdb' was not found with 'glew32s.lib(glew.obj)' or at 'F:\OpenGLProject\OpenGLProject\Debug\vc120.pdb'; linking object as if no debug info
  OpenGLProject.vcxproj -> F:\OpenGLProject\OpenGLProject\Debug\OpenGLProject.exe
  OpenGLProject.vcxproj -> F:\OpenGLProject\OpenGLProject\Debug\OpenGLProject.pdb (Partial PDB)
